0001_0373_0120_0060_0060.jpg 1 373 120 60 60
0002_0497_0391_0174_0174.jpg 1 497 391 174 174
0003_0389_0516_0123_0123.jpg 1 389 516 123 123
0004_0151_0459_0057_0057.jpg 1 151 459 57 57
0005_0190_0110_0517_0517.jpg 1 190 110 517 517
0006_0325_0218_0151_0151.jpg 1 325 218 151 151
0007_0485_0152_0174_0174.jpg 1 485 152 174 174
0008_0100_0129_0549_0549.jpg 1 100 129 549 549
0009_0059_0095_0544_0544.jpg 1 59 95 544 544
0010_0174_0191_0345_0345.jpg 1 174 191 345 345
0011_0307_0134_0432_0432.jpg 1 307 134 432 432
0012_0097_0538_0048_0048.jpg 1 97 538 48 48
0013_0143_0198_0422_0422.jpg 1 143 198 422 422
0014_0088_0127_0544_0544.jpg 1 88 127 544 544
0015_0176_0468_0134_0134.jpg 1 176 468 134 134
0016_0347_0358_0089_0089.jpg 1 347 358 89 89
0017_0073_0107_0550_0550.jpg 1 73 107 550 550
0018_0065_0174_0379_0379.jpg 1 65 174 379 379
0019_0344_0297_0240_0240.jpg 1 344 297 240 240
0020_0368_0146_0133_0133.jpg 1 368 146 133 133
0021_0485_0409_0242_0242.jpg 1 485 409 242 242
0022_0133_0164_0513_0513.jpg 1 133 164 513 513
0023_0252_0132_0479_0479.jpg 1 252 132 479 479
0024_0415_0378_0334_0334.jpg 1 415 378 334 334
0025_0172_0245_0347_0347.jpg 1 172 245 347 347
0026_0263_0153_0081_0081.jpg 1 263 153 81 81
0027_0455_0266_0203_0203.jpg 1 455 266 203 203
0028_0517_0536_0102_0102.jpg 1 517 536 102 102
0029_0415_0563_0150_0150.jpg 1 415 563 150 150
0030_0329_0157_0129_0129.jpg 1 329 157 129 129
0031_0095_0098_0460_0460.jpg 1 95 98 460 460
0032_0445_0117_0247_0247.jpg 1 445 117 247 247
0033_0315_0434_0193_0193.jpg 1 315 434 193 193
0034_0261_0319_0299_0299.jpg 1 261 319 299 299
0035_0281_0226_0353_0353.jpg 1 281 226 353 353
0036_0150_0142_0460_0460.jpg 1 150 142 460 460
0037_0312_0083_0444_0444.jpg 1 312 83 444 444
0038_0258_0240_0496_0496.jpg 1 258 240 496 496
0039_0126_0326_0230_0230.jpg 1 126 326 230 230
0040_0111_0378_0181_0181.jpg 1 111 378 181 181
0041_0426_0407_0126_0126.jpg 1 426 407 126 126
0042_0214_0451_0260_0260.jpg 1 214 451 260 260
0043_0130_0128_0301_0301.jpg 1 130 128 301 301
0044_0392_0468_0219_0219.jpg 1 392 468 219 219
0045_0225_0166_0094_0094.jpg 1 225 166 94 94
0046_0098_0102_0435_0435.jpg 1 98 102 435 435
0047_0179_0579_0080_0080.jpg 1 179 579 80 80
0048_0083_0075_0329_0329.jpg 1 83 75 329 329
0049_0245_0229_0433_0433.jpg 1 245 229 433 433
0050_0052_0114_0534_0534.jpg 1 52 114 534 534
0051_0249_0177_0517_0517.jpg 1 249 177 517 517
0052_0092_0144_0479_0479.jpg 1 92 144 479 479
0053_0272_0104_0405_0405.jpg 1 272 104 405 405
0054_0323_0120_0416_0416.jpg 1 323 120 416 416
0055_0097_0451_0121_0121.jpg 1 97 451 121 121
0056_0210_0087_0470_0470.jpg 1 210 87 470 470
0057_0511_0105_0119_0119.jpg 1 511 105 119 119
0058_0413_0172_0207_0207.jpg 1 413 172 207 207
0059_0198_0480_0256_0256.jpg 1 198 480 256 256
0060_0176_0049_0524_0524.jpg 1 176 49 524 524
0061_0089_0292_0267_0267.jpg 1 89 292 267 267
0062_0222_0514_0176_0176.jpg 1 222 514 176 176
0063_0306_0109_0425_0425.jpg 1 306 109 425 425
0064_0163_0270_0459_0459.jpg 1 163 270 459 459
0065_0204_0293_0450_0450.jpg 1 204 293 450 450
0066_0055_0071_0537_0537.jpg 1 55 71 537 537
0067_0312_0591_0087_0087.jpg 1 312 591 87 87
0068_0589_0622_0056_0056.jpg 1 589 622 56 56
0069_0260_0295_0395_0395.jpg 1 260 295 395 395
0070_0153_0577_0061_0061.jpg 1 153 577 61 61
0071_0175_0131_0170_0170.jpg 1 175 131 170 170
0072_0474_0202_0031_0031.jpg 1 474 202 31 31
0073_0375_0426_0089_0089.jpg 1 375 426 89 89
0074_0542_0152_0189_0189.jpg 1 542 152 189 189
0075_0078_0159_0135_0135.jpg 1 78 159 135 135
0076_0116_0051_0341_0341.jpg 1 116 51 341 341
0077_0133_0348_0405_0405.jpg 1 133 348 405 405
0078_0175_0104_0421_0421.jpg 1 175 104 421 421
0079_0238_0095_0429_0429.jpg 1 238 95 429 429
0080_0062_0068_0557_0557.jpg 1 62 68 557 557
0081_0432_0600_0114_0114.jpg 1 432 600 114 114
0082_0175_0275_0490_0490.jpg 1 175 275 490 490
0083_0575_0545_0126_0126.jpg 1 575 545 126 126
0084_0235_0194_0263_0263.jpg 1 235 194 263 263
0085_0097_0061_0515_0515.jpg 1 97 61 515 515
0086_0114_0181_0440_0440.jpg 1 114 181 440 440
0087_0315_0204_0315_0315.jpg 1 315 204 315 315
0088_0233_0194_0422_0422.jpg 1 233 194 422 422
0089_0185_0038_0508_0508.jpg 1 185 38 508 508
0090_0191_0219_0480_0480.jpg 1 191 219 480 480
0091_0586_0093_0069_0069.jpg 1 586 93 69 69
0092_0191_0082_0458_0458.jpg 1 191 82 458 458
0093_0248_0315_0158_0158.jpg 1 248 315 158 158
0094_0272_0217_0126_0126.jpg 1 272 217 126 126
0095_0238_0209_0421_0421.jpg 1 238 209 421 421
0096_0679_0171_0031_0031.jpg 1 679 171 31 31
0097_0199_0410_0062_0062.jpg 1 199 410 62 62
0098_0319_0108_0152_0152.jpg 1 319 108 152 152
0099_0310_0358_0220_0220.jpg 1 310 358 220 220
0100_0478_0456_0244_0244.jpg 1 478 456 244 244
0101_0171_0097_0448_0448.jpg 1 171 97 448 448
0102_0076_0169_0503_0503.jpg 1 76 169 503 503
0103_0205_0347_0142_0142.jpg 1 205 347 142 142
0104_0149_0567_0086_0086.jpg 1 149 567 86 86
0105_0081_0290_0203_0203.jpg 1 81 290 203 203
0106_0222_0251_0362_0362.jpg 1 222 251 362 362
0107_0342_0215_0339_0339.jpg 1 342 215 339 339
0108_0068_0084_0193_0193.jpg 1 68 84 193 193
0109_0135_0584_0071_0071.jpg 1 135 584 71 71
0110_0099_0172_0471_0471.jpg 1 99 172 471 471
0111_0316_0239_0096_0096.jpg 1 316 239 96 96
0112_0314_0435_0093_0093.jpg 1 314 435 93 93
0113_0249_0293_0405_0405.jpg 1 249 293 405 405
0114_0216_0250_0399_0399.jpg 1 216 250 399 399
0115_0159_0427_0323_0323.jpg 1 159 427 323 323
0116_0078_0294_0091_0091.jpg 1 78 294 91 91
0117_0283_0532_0108_0108.jpg 1 283 532 108 108
0118_0129_0188_0537_0537.jpg 1 129 188 537 537
0119_0087_0062_0390_0390.jpg 1 87 62 390 390
0120_0246_0116_0149_0149.jpg 1 246 116 149 149
0121_0033_0257_0493_0493.jpg 1 33 257 493 493
0122_0270_0061_0381_0381.jpg 1 270 61 381 381
0123_0202_0411_0232_0232.jpg 1 202 411 232 232
0124_0267_0108_0464_0464.jpg 1 267 108 464 464
0125_0414_0192_0104_0104.jpg 1 414 192 104 104
0126_0128_0233_0533_0533.jpg 1 128 233 533 533
0127_0082_0390_0151_0151.jpg 1 82 390 151 151
0128_0438_0131_0093_0093.jpg 1 438 131 93 93
0129_0240_0470_0029_0029.jpg 1 240 470 29 29
0130_0254_0363_0333_0333.jpg 1 254 363 333 333
0131_0447_0332_0298_0298.jpg 1 447 332 298 298
0132_0522_0620_0043_0043.jpg 1 522 620 43 43
0133_0314_0365_0357_0357.jpg 1 314 365 357 357
0134_0107_0038_0453_0453.jpg 1 107 38 453 453
0135_0341_0530_0195_0195.jpg 1 341 530 195 195
0136_0194_0168_0437_0437.jpg 1 194 168 437 437
0137_0554_0147_0132_0132.jpg 1 554 147 132 132
0138_0367_0213_0347_0347.jpg 1 367 213 347 347
0139_0106_0304_0332_0332.jpg 1 106 304 332 332
0140_0421_0240_0275_0275.jpg 1 421 240 275 275
0141_0147_0149_0317_0317.jpg 1 147 149 317 317
0142_0442_0140_0102_0102.jpg 1 442 140 102 102
0143_0139_0281_0283_0283.jpg 1 139 281 283 283
0144_0077_0211_0535_0535.jpg 1 77 211 535 535
0145_0157_0147_0212_0212.jpg 1 157 147 212 212
0146_0378_0138_0371_0371.jpg 1 378 138 371 371
0147_0203_0124_0485_0485.jpg 1 203 124 485 485
0148_0529_0252_0193_0193.jpg 1 529 252 193 193
0149_0087_0115_0556_0556.jpg 1 87 115 556 556
0150_0104_0083_0470_0470.jpg 1 104 83 470 470
0151_0467_0533_0080_0080.jpg 1 467 533 80 80
0152_0157_0267_0410_0410.jpg 1 157 267 410 410
0153_0354_0167_0137_0137.jpg 1 354 167 137 137
0154_0093_0165_0516_0516.jpg 1 93 165 516 516
0155_0415_0375_0087_0087.jpg 1 415 375 87 87
0156_0301_0553_0125_0125.jpg 1 301 553 125 125
0157_0163_0310_0381_0381.jpg 1 163 310 381 381
0158_0278_0501_0105_0105.jpg 1 278 501 105 105
0159_0227_0257_0072_0072.jpg 1 227 257 72 72
0160_0396_0437_0254_0254.jpg 1 396 437 254 254
0161_0123_0216_0430_0430.jpg 1 123 216 430 430
0162_0218_0107_0438_0438.jpg 1 218 107 438 438
0163_0161_0221_0466_0466.jpg 1 161 221 466 466
0164_0279_0377_0375_0375.jpg 1 279 377 375 375
0165_0367_0392_0114_0114.jpg 1 367 392 114 114
0166_0384_0136_0033_0033.jpg 1 384 136 33 33
0167_0202_0068_0220_0220.jpg 1 202 68 220 220
0168_0235_0378_0229_0229.jpg 1 235 378 229 229
0169_0100_0437_0154_0154.jpg 1 100 437 154 154
0170_0077_0330_0432_0432.jpg 1 77 330 432 432
0171_0217_0200_0261_0261.jpg 1 217 200 261 261
0172_0498_0434_0082_0082.jpg 1 498 434 82 82
0173_0208_0471_0224_0224.jpg 1 208 471 224 224
0174_0170_0173_0380_0380.jpg 1 170 173 380 380
0175_0389_0106_0092_0092.jpg 1 389 106 92 92
0176_0516_0230_0191_0191.jpg 1 516 230 191 191
0177_0138_0141_0373_0373.jpg 1 138 141 373 373
0178_0230_0442_0188_0188.jpg 1 230 442 188 188
0179_0181_0195_0077_0077.jpg 1 181 195 77 77
0180_0488_0427_0255_0255.jpg 1 488 427 255 255
0181_0260_0082_0303_0303.jpg 1 260 82 303 303
0182_0076_0338_0290_0290.jpg 1 76 338 290 290
0183_0095_0085_0526_0526.jpg 1 95 85 526 526
0184_0560_0084_0097_0097.jpg 1 560 84 97 97
0185_0151_0413_0306_0306.jpg 1 151 413 306 306
0186_0107_0171_0453_0453.jpg 1 107 171 453 453
0187_0307_0287_0325_0325.jpg 1 307 287 325 325
0188_0256_0299_0342_0342.jpg 1 256 299 342 342
0189_0458_0508_0133_0133.jpg 1 458 508 133 133
0190_0258_0114_0387_0387.jpg 1 258 114 387 387
0191_0264_0091_0497_0497.jpg 1 264 91 497 497
0192_0092_0581_0118_0118.jpg 1 92 581 118 118
0193_0133_0057_0546_0546.jpg 1 133 57 546 546
0194_0201_0384_0326_0326.jpg 1 201 384 326 326
0195_0128_0299_0376_0376.jpg 1 128 299 376 376
0196_0072_0211_0517_0517.jpg 1 72 211 517 517
0197_0430_0351_0320_0320.jpg 1 430 351 320 320
0198_0196_0122_0554_0554.jpg 1 196 122 554 554
0199_0226_0219_0533_0533.jpg 1 226 219 533 533
0200_0357_0345_0377_0377.jpg 1 357 345 377 377
0201_0403_0097_0168_0168.jpg 1 403 97 168 168
0202_0157_0350_0244_0244.jpg 1 157 350 244 244
0203_0042_0053_0435_0435.jpg 1 42 53 435 435
0204_0065_0335_0250_0250.jpg 1 65 335 250 250
0205_0163_0079_0458_0458.jpg 1 163 79 458 458
0206_0131_0095_0138_0138.jpg 1 131 95 138 138
0207_0096_0187_0379_0379.jpg 1 96 187 379 379
0208_0121_0279_0271_0271.jpg 1 121 279 271 271
0209_0269_0230_0070_0070.jpg 1 269 230 70 70
0210_0110_0207_0503_0503.jpg 1 110 207 503 503
0211_0126_0198_0452_0452.jpg 1 126 198 452 452
0212_0067_0181_0449_0449.jpg 1 67 181 449 449
0213_0181_0031_0557_0557.jpg 1 181 31 557 557
0214_0225_0290_0366_0366.jpg 1 225 290 366 366
0215_0179_0210_0467_0467.jpg 1 179 210 467 467
0216_0487_0413_0168_0168.jpg 1 487 413 168 168
0217_0167_0158_0385_0385.jpg 1 167 158 385 385
0218_0155_0096_0544_0544.jpg 1 155 96 544 544
0219_0167_0219_0025_0025.jpg 1 167 219 25 25
0220_0434_0364_0140_0140.jpg 1 434 364 140 140
0221_0145_0206_0483_0483.jpg 1 145 206 483 483
0222_0466_0341_0143_0143.jpg 1 466 341 143 143
0223_0162_0064_0340_0340.jpg 1 162 64 340 340
0224_0273_0416_0098_0098.jpg 1 273 416 98 98
0225_0643_0256_0062_0062.jpg 1 643 256 62 62
0226_0294_0177_0459_0459.jpg 1 294 177 459 459
0227_0217_0269_0470_0470.jpg 1 217 269 470 470
0228_0212_0253_0091_0091.jpg 1 212 253 91 91
0229_0240_0298_0257_0257.jpg 1 240 298 257 257
0230_0055_0206_0431_0431.jpg 1 55 206 431 431
0231_0179_0159_0411_0411.jpg 1 179 159 411 411
0232_0240_0120_0464_0464.jpg 1 240 120 464 464
0233_0056_0174_0520_0520.jpg 1 56 174 520 520
0234_0192_0145_0504_0504.jpg 1 192 145 504 504
0235_0281_0063_0477_0477.jpg 1 281 63 477 477
0236_0185_0067_0272_0272.jpg 1 185 67 272 272
0237_0285_0140_0151_0151.jpg 1 285 140 151 151
0238_0081_0288_0408_0408.jpg 1 81 288 408 408
0239_0131_0206_0502_0502.jpg 1 131 206 502 502
0240_0168_0041_0517_0517.jpg 1 168 41 517 517
0241_0078_0323_0036_0036.jpg 1 78 323 36 36
0242_0410_0225_0292_0292.jpg 1 410 225 292 292
0243_0237_0397_0218_0218.jpg 1 237 397 218 218
0244_0680_0579_0036_0036.jpg 1 680 579 36 36
0245_0288_0058_0350_0350.jpg 1 288 58 350 350
0246_0137_0069_0463_0463.jpg 1 137 69 463 463
0247_0077_0490_0122_0122.jpg 1 77 490 122 122
0248_0200_0133_0282_0282.jpg 1 200 133 282 282
0249_0427_0358_0154_0154.jpg 1 427 358 154 154
0250_0086_0335_0400_0400.jpg 1 86 335 400 400
0251_0270_0065_0245_0245.jpg 1 270 65 245 245
0252_0115_0101_0298_0298.jpg 1 115 101 298 298
0253_0493_0349_0140_0140.jpg 1 493 349 140 140
0254_0179_0166_0507_0507.jpg 1 179 166 507 507
0255_0365_0389_0317_0317.jpg 1 365 389 317 317
0256_0260_0234_0439_0439.jpg 1 260 234 439 439
0257_0151_0233_0055_0055.jpg 1 151 233 55 55
0258_0421_0105_0283_0283.jpg 1 421 105 283 283
0259_0113_0200_0348_0348.jpg 1 113 200 348 348
0260_0277_0266_0028_0028.jpg 1 277 266 28 28
0261_0275_0176_0234_0234.jpg 1 275 176 234 234
0262_0265_0386_0289_0289.jpg 1 265 386 289 289
0263_0494_0538_0038_0038.jpg 1 494 538 38 38
0264_0115_0235_0359_0359.jpg 1 115 235 359 359
0265_0099_0231_0521_0521.jpg 1 99 231 521 521
0266_0549_0392_0062_0062.jpg 1 549 392 62 62
0267_0069_0087_0331_0331.jpg 1 69 87 331 331
0268_0083_0433_0082_0082.jpg 1 83 433 82 82
0269_0339_0134_0254_0254.jpg 1 339 134 254 254
0270_0062_0095_0547_0547.jpg 1 62 95 547 547
0271_0521_0332_0028_0028.jpg 1 521 332 28 28
0272_0314_0299_0129_0129.jpg 1 314 299 129 129
0273_0303_0168_0125_0125.jpg 1 303 168 125 125
0274_0182_0159_0405_0405.jpg 1 182 159 405 405
0275_0224_0108_0317_0317.jpg 1 224 108 317 317
0276_0032_0045_0551_0551.jpg 1 32 45 551 551
0277_0094_0171_0349_0349.jpg 1 94 171 349 349
0278_0400_0386_0208_0208.jpg 1 400 386 208 208
0279_0514_0282_0180_0180.jpg 1 514 282 180 180
0280_0378_0449_0101_0101.jpg 1 378 449 101 101
0281_0327_0055_0402_0402.jpg 1 327 55 402 402
0282_0590_0393_0109_0109.jpg 1 590 393 109 109
0283_0164_0146_0318_0318.jpg 1 164 146 318 318
0284_0250_0208_0425_0425.jpg 1 250 208 425 425
0285_0086_0255_0501_0501.jpg 1 86 255 501 501
0286_0167_0239_0151_0151.jpg 1 167 239 151 151
0287_0208_0067_0444_0444.jpg 1 208 67 444 444
0288_0516_0394_0167_0167.jpg 1 516 394 167 167
0289_0374_0200_0277_0277.jpg 1 374 200 277 277
0290_0131_0111_0511_0511.jpg 1 131 111 511 511
0291_0452_0226_0276_0276.jpg 1 452 226 276 276
0292_0314_0362_0299_0299.jpg 1 314 362 299 299
0293_0179_0213_0497_0497.jpg 1 179 213 497 497
0294_0536_0501_0058_0058.jpg 1 536 501 58 58
0295_0110_0543_0119_0119.jpg 1 110 543 119 119
0296_0078_0291_0471_0471.jpg 1 78 291 471 471
0297_0055_0254_0266_0266.jpg 1 55 254 266 266
0298_0320_0252_0385_0385.jpg 1 320 252 385 385
0299_0168_0454_0195_0195.jpg 1 168 454 195 195
0300_0217_0182_0439_0439.jpg 1 217 182 439 439
0301_0329_0270_0041_0041.jpg 1 329 270 41 41
0302_0433_0306_0230_0230.jpg 1 433 306 230 230
0303_0337_0375_0145_0145.jpg 1 337 375 145 145
0304_0377_0216_0157_0157.jpg 1 377 216 157 157
0305_0108_0186_0540_0540.jpg 1 108 186 540 540
0306_0273_0306_0243_0243.jpg 1 273 306 243 243
0307_0186_0420_0172_0172.jpg 1 186 420 172 172
0308_0090_0219_0336_0336.jpg 1 90 219 336 336
0309_0386_0532_0024_0024.jpg 1 386 532 24 24
0310_0120_0245_0362_0362.jpg 1 120 245 362 362
0311_0542_0482_0028_0028.jpg 1 542 482 28 28
0312_0229_0261_0422_0422.jpg 1 229 261 422 422
0313_0516_0158_0041_0041.jpg 1 516 158 41 41
0314_0176_0385_0359_0359.jpg 1 176 385 359 359
0315_0225_0146_0224_0224.jpg 1 225 146 224 224
0316_0135_0181_0345_0345.jpg 1 135 181 345 345
0317_0183_0281_0472_0472.jpg 1 183 281 472 472
0318_0073_0140_0508_0508.jpg 1 73 140 508 508
0319_0392_0125_0025_0025.jpg 1 392 125 25 25
0320_0041_0044_0459_0459.jpg 1 41 44 459 459
0321_0144_0419_0100_0100.jpg 1 144 419 100 100
0322_0194_0417_0308_0308.jpg 1 194 417 308 308
0323_0161_0212_0107_0107.jpg 1 161 212 107 107
0324_0132_0464_0076_0076.jpg 1 132 464 76 76
0325_0344_0286_0038_0038.jpg 1 344 286 38 38
0326_0338_0638_0082_0082.jpg 1 338 638 82 82
0327_0368_0249_0385_0385.jpg 1 368 249 385 385
0328_0566_0207_0068_0068.jpg 1 566 207 68 68
0329_0337_0104_0377_0377.jpg 1 337 104 377 377
0330_0310_0287_0426_0426.jpg 1 310 287 426 426
0331_0156_0428_0257_0257.jpg 1 156 428 257 257
0332_0107_0227_0444_0444.jpg 1 107 227 444 444
0333_0216_0159_0340_0340.jpg 1 216 159 340 340
0334_0259_0252_0273_0273.jpg 1 259 252 273 273
0335_0414_0645_0079_0079.jpg 1 414 645 79 79
0336_0393_0097_0153_0153.jpg 1 393 97 153 153
0337_0465_0461_0246_0246.jpg 1 465 461 246 246
0338_0087_0104_0132_0132.jpg 1 87 104 132 132
0339_0425_0506_0211_0211.jpg 1 425 506 211 211
0340_0501_0395_0193_0193.jpg 1 501 395 193 193
0341_0051_0182_0460_0460.jpg 1 51 182 460 460
0342_0348_0433_0206_0206.jpg 1 348 433 206 206
0343_0186_0522_0081_0081.jpg 1 186 522 81 81
0344_0059_0138_0476_0476.jpg 1 59 138 476 476
0345_0321_0135_0346_0346.jpg 1 321 135 346 346
0346_0116_0533_0134_0134.jpg 1 116 533 134 134
0347_0240_0198_0451_0451.jpg 1 240 198 451 451
0348_0133_0527_0201_0201.jpg 1 133 527 201 201
0349_0208_0040_0525_0525.jpg 1 208 40 525 525
0350_0144_0290_0433_0433.jpg 1 144 290 433 433
0351_0229_0662_0060_0060.jpg 1 229 662 60 60
0352_0342_0294_0237_0237.jpg 1 342 294 237 237
0353_0453_0231_0115_0115.jpg 1 453 231 115 115
0354_0265_0511_0176_0176.jpg 1 265 511 176 176
0355_0347_0194_0390_0390.jpg 1 347 194 390 390
0356_0113_0215_0250_0250.jpg 1 113 215 250 250
0357_0286_0445_0162_0162.jpg 1 286 445 162 162
0358_0099_0201_0512_0512.jpg 1 99 201 512 512
0359_0199_0367_0228_0228.jpg 1 199 367 228 228
0360_0083_0182_0332_0332.jpg 1 83 182 332 332
0361_0205_0416_0178_0178.jpg 1 205 416 178 178
0362_0208_0300_0392_0392.jpg 1 208 300 392 392
0363_0052_0343_0401_0401.jpg 1 52 343 401 401
0364_0321_0280_0253_0253.jpg 1 321 280 253 253
0365_0307_0243_0234_0234.jpg 1 307 243 234 234
0366_0317_0407_0317_0317.jpg 1 317 407 317 317
0367_0312_0287_0045_0045.jpg 1 312 287 45 45
0368_0118_0140_0346_0346.jpg 1 118 140 346 346
0369_0290_0477_0204_0204.jpg 1 290 477 204 204
0370_0284_0304_0372_0372.jpg 1 284 304 372 372
0371_0170_0226_0305_0305.jpg 1 170 226 305 305
0372_0363_0207_0227_0227.jpg 1 363 207 227 227
0373_0201_0027_0552_0552.jpg 1 201 27 552 552
0374_0449_0232_0255_0255.jpg 1 449 232 255 255
0375_0237_0321_0375_0375.jpg 1 237 321 375 375
0376_0243_0174_0334_0334.jpg 1 243 174 334 334
0377_0393_0397_0243_0243.jpg 1 393 397 243 243
0378_0119_0201_0310_0310.jpg 1 119 201 310 310
0379_0218_0200_0445_0445.jpg 1 218 200 445 445
0380_0318_0289_0219_0219.jpg 1 318 289 219 219
0381_0474_0272_0257_0257.jpg 1 474 272 257 257
0382_0145_0095_0544_0544.jpg 1 145 95 544 544
0383_0324_0414_0300_0300.jpg 1 324 414 300 300
0384_0200_0280_0042_0042.jpg 1 200 280 42 42
0385_0666_0395_0044_0044.jpg 1 666 395 44 44
0386_0161_0164_0415_0415.jpg 1 161 164 415 415
0387_0414_0254_0162_0162.jpg 1 414 254 162 162
0388_0145_0289_0418_0418.jpg 1 145 289 418 418
0389_0106_0124_0088_0088.jpg 1 106 124 88 88
0390_0174_0055_0368_0368.jpg 1 174 55 368 368
0391_0035_0189_0557_0557.jpg 1 35 189 557 557
0392_0383_0434_0272_0272.jpg 1 383 434 272 272
0393_0198_0289_0385_0385.jpg 1 198 289 385 385
0394_0372_0388_0362_0362.jpg 1 372 388 362 362
0395_0098_0253_0382_0382.jpg 1 98 253 382 382
0396_0520_0394_0084_0084.jpg 1 520 394 84 84
0397_0135_0496_0039_0039.jpg 1 135 496 39 39
0398_0320_0390_0272_0272.jpg 1 320 390 272 272
0399_0249_0143_0167_0167.jpg 1 249 143 167 167
0400_0212_0218_0365_0365.jpg 1 212 218 365 365
0401_0212_0394_0327_0327.jpg 1 212 394 327 327
0402_0183_0321_0377_0377.jpg 1 183 321 377 377
0403_0273_0272_0255_0255.jpg 1 273 272 255 255
0404_0217_0457_0224_0224.jpg 1 217 457 224 224
0405_0146_0090_0547_0547.jpg 1 146 90 547 547
0406_0425_0388_0209_0209.jpg 1 425 388 209 209
0407_0275_0142_0472_0472.jpg 1 275 142 472 472
0408_0163_0203_0495_0495.jpg 1 163 203 495 495
0409_0370_0440_0118_0118.jpg 1 370 440 118 118
0410_0124_0083_0538_0538.jpg 1 124 83 538 538
0411_0102_0403_0168_0168.jpg 1 102 403 168 168
0412_0210_0245_0488_0488.jpg 1 210 245 488 488
0413_0259_0375_0334_0334.jpg 1 259 375 334 334
0414_0348_0100_0364_0364.jpg 1 348 100 364 364
0415_0051_0090_0475_0475.jpg 1 51 90 475 475
0416_0289_0325_0169_0169.jpg 1 289 325 169 169
0417_0090_0330_0405_0405.jpg 1 90 330 405 405
0418_0383_0075_0182_0182.jpg 1 383 75 182 182
0419_0079_0412_0287_0287.jpg 1 79 412 287 287
0420_0320_0092_0128_0128.jpg 1 320 92 128 128
0421_0434_0291_0140_0140.jpg 1 434 291 140 140
0422_0135_0099_0557_0557.jpg 1 135 99 557 557
0423_0528_0291_0134_0134.jpg 1 528 291 134 134
0424_0265_0171_0178_0178.jpg 1 265 171 178 178
0425_0282_0278_0205_0205.jpg 1 282 278 205 205
0426_0110_0301_0393_0393.jpg 1 110 301 393 393
0427_0262_0236_0495_0495.jpg 1 262 236 495 495
0428_0055_0240_0425_0425.jpg 1 55 240 425 425
0429_0364_0632_0046_0046.jpg 1 364 632 46 46
0430_0176_0114_0533_0533.jpg 1 176 114 533 533
0431_0413_0214_0065_0065.jpg 1 413 214 65 65
0432_0172_0420_0148_0148.jpg 1 172 420 148 148
0433_0118_0559_0085_0085.jpg 1 118 559 85 85
0434_0486_0108_0144_0144.jpg 1 486 108 144 144
0435_0115_0420_0181_0181.jpg 1 115 420 181 181
0436_0187_0186_0456_0456.jpg 1 187 186 456 456
0437_0105_0121_0528_0528.jpg 1 105 121 528 528
0438_0137_0085_0474_0474.jpg 1 137 85 474 474
0439_0509_0433_0076_0076.jpg 1 509 433 76 76
0440_0323_0115_0421_0421.jpg 1 323 115 421 421
0441_0233_0177_0424_0424.jpg 1 233 177 424 424
0442_0210_0434_0080_0080.jpg 1 210 434 80 80
0443_0249_0042_0415_0415.jpg 1 249 42 415 415
0444_0190_0237_0469_0469.jpg 1 190 237 469 469
0445_0247_0560_0098_0098.jpg 1 247 560 98 98
0446_0263_0341_0210_0210.jpg 1 263 341 210 210
0447_0176_0110_0325_0325.jpg 1 176 110 325 325
0448_0426_0483_0204_0204.jpg 1 426 483 204 204
0449_0371_0058_0253_0253.jpg 1 371 58 253 253
0450_0219_0213_0248_0248.jpg 1 219 213 248 248
0451_0074_0462_0137_0137.jpg 1 74 462 137 137
0452_0116_0291_0249_0249.jpg 1 116 291 249 249
0453_0419_0528_0122_0122.jpg 1 419 528 122 122
0454_0087_0271_0121_0121.jpg 1 87 271 121 121
0455_0279_0253_0390_0390.jpg 1 279 253 390 390
0456_0172_0197_0549_0549.jpg 1 172 197 549 549
0457_0554_0336_0162_0162.jpg 1 554 336 162 162
0458_0061_0187_0359_0359.jpg 1 61 187 359 359
0459_0559_0282_0047_0047.jpg 1 559 282 47 47
0460_0050_0156_0505_0505.jpg 1 50 156 505 505
0461_0582_0189_0065_0065.jpg 1 582 189 65 65
0462_0073_0325_0358_0358.jpg 1 73 325 358 358
0463_0135_0109_0448_0448.jpg 1 135 109 448 448
0464_0377_0574_0154_0154.jpg 1 377 574 154 154
0465_0552_0554_0173_0173.jpg 1 552 554 173 173
0466_0157_0596_0134_0134.jpg 1 157 596 134 134
0467_0251_0363_0305_0305.jpg 1 251 363 305 305
0468_0142_0201_0452_0452.jpg 1 142 201 452 452
0469_0532_0325_0035_0035.jpg 1 532 325 35 35
0470_0334_0456_0124_0124.jpg 1 334 456 124 124
0471_0156_0235_0469_0469.jpg 1 156 235 469 469
0472_0457_0307_0064_0064.jpg 1 457 307 64 64
0473_0453_0076_0209_0209.jpg 1 453 76 209 209
0474_0459_0405_0265_0265.jpg 1 459 405 265 265
0475_0196_0107_0533_0533.jpg 1 196 107 533 533
0476_0168_0068_0483_0483.jpg 1 168 68 483 483
0477_0310_0231_0075_0075.jpg 1 310 231 75 75
0478_0456_0438_0183_0183.jpg 1 456 438 183 183
0479_0333_0204_0410_0410.jpg 1 333 204 410 410
0480_0260_0210_0415_0415.jpg 1 260 210 415 415
0481_0139_0077_0439_0439.jpg 1 139 77 439 439
0482_0174_0251_0512_0512.jpg 1 174 251 512 512
0483_0438_0083_0049_0049.jpg 1 438 83 49 49
0484_0382_0489_0177_0177.jpg 1 382 489 177 177
0485_0180_0612_0110_0110.jpg 1 180 612 110 110
0486_0290_0228_0029_0029.jpg 1 290 228 29 29
0487_0087_0232_0302_0302.jpg 1 87 232 302 302
0488_0426_0394_0301_0301.jpg 1 426 394 301 301
0489_0042_0063_0485_0485.jpg 1 42 63 485 485
0490_0380_0093_0158_0158.jpg 1 380 93 158 158
0491_0090_0219_0073_0073.jpg 1 90 219 73 73
0492_0385_0108_0297_0297.jpg 1 385 108 297 297
0493_0352_0109_0227_0227.jpg 1 352 109 227 227
0494_0236_0159_0528_0528.jpg 1 236 159 528 528
0495_0174_0191_0253_0253.jpg 1 174 191 253 253
0496_0296_0379_0288_0288.jpg 1 296 379 288 288
0497_0265_0179_0494_0494.jpg 1 265 179 494 494
0498_0333_0288_0286_0286.jpg 1 333 288 286 286
0499_0404_0473_0120_0120.jpg 1 404 473 120 120
0500_0400_0189_0173_0173.jpg 1 400 189 173 173
0501_0269_0177_0148_0148.jpg 1 269 177 148 148
0502_0237_0035_0470_0470.jpg 1 237 35 470 470
0503_0358_0235_0135_0135.jpg 1 358 235 135 135
0504_0205_0090_0233_0233.jpg 1 205 90 233 233
0505_0530_0549_0179_0179.jpg 1 530 549 179 179
0506_0439_0080_0228_0228.jpg 1 439 80 228 228
0507_0180_0068_0556_0556.jpg 1 180 68 556 556
0508_0135_0189_0392_0392.jpg 1 135 189 392 392
0509_0392_0472_0172_0172.jpg 1 392 472 172 172
0510_0242_0134_0419_0419.jpg 1 242 134 419 419
0511_0375_0313_0170_0170.jpg 1 375 313 170 170
0512_0114_0052_0315_0315.jpg 1 114 52 315 315
0513_0440_0122_0269_0269.jpg 1 440 122 269 269
0514_0211_0099_0031_0031.jpg 1 211 99 31 31
0515_0148_0136_0557_0557.jpg 1 148 136 557 557
0516_0367_0099_0172_0172.jpg 1 367 99 172 172
0517_0590_0225_0025_0025.jpg 1 590 225 25 25
0518_0304_0258_0396_0396.jpg 1 304 258 396 396
0519_0377_0327_0221_0221.jpg 1 377 327 221 221
0520_0500_0330_0053_0053.jpg 1 500 330 53 53
0521_0213_0112_0527_0527.jpg 1 213 112 527 527
0522_0420_0582_0139_0139.jpg 1 420 582 139 139
0523_0138_0062_0554_0554.jpg 1 138 62 554 554
0524_0039_0233_0467_0467.jpg 1 39 233 467 467
0525_0059_0285_0219_0219.jpg 1 59 285 219 219
0526_0059_0157_0499_0499.jpg 1 59 157 499 499
0527_0268_0209_0285_0285.jpg 1 268 209 285 285
0528_0333_0170_0372_0372.jpg 1 333 170 372 372
0529_0253_0209_0257_0257.jpg 1 253 209 257 257
0530_0260_0337_0250_0250.jpg 1 260 337 250 250
0531_0341_0169_0146_0146.jpg 1 341 169 146 146
0532_0265_0191_0446_0446.jpg 1 265 191 446 446
0533_0282_0221_0382_0382.jpg 1 282 221 382 382
0534_0072_0191_0153_0153.jpg 1 72 191 153 153
0535_0197_0342_0352_0352.jpg 1 197 342 352 352
0536_0276_0337_0321_0321.jpg 1 276 337 321 321
0537_0243_0355_0186_0186.jpg 1 243 355 186 186
0538_0230_0059_0454_0454.jpg 1 230 59 454 454
0539_0151_0233_0496_0496.jpg 1 151 233 496 496
0540_0351_0305_0145_0145.jpg 1 351 305 145 145
0541_0395_0088_0180_0180.jpg 1 395 88 180 180
0542_0526_0528_0190_0190.jpg 1 526 528 190 190
0543_0370_0096_0385_0385.jpg 1 370 96 385 385
0544_0662_0600_0040_0040.jpg 1 662 600 40 40
0545_0180_0073_0367_0367.jpg 1 180 73 367 367
0546_0181_0035_0502_0502.jpg 1 181 35 502 502
0547_0370_0284_0353_0353.jpg 1 370 284 353 353
0548_0485_0308_0243_0243.jpg 1 485 308 243 243
0549_0453_0398_0201_0201.jpg 1 453 398 201 201
0550_0170_0146_0519_0519.jpg 1 170 146 519 519
0551_0096_0103_0517_0517.jpg 1 96 103 517 517
0552_0250_0343_0398_0398.jpg 1 250 343 398 398
0553_0558_0196_0146_0146.jpg 1 558 196 146 146
0554_0189_0292_0316_0316.jpg 1 189 292 316 316
0555_0199_0181_0486_0486.jpg 1 199 181 486 486
0556_0158_0128_0290_0290.jpg 1 158 128 290 290
0557_0064_0196_0530_0530.jpg 1 64 196 530 530
0558_0376_0110_0141_0141.jpg 1 376 110 141 141
0559_0168_0233_0226_0226.jpg 1 168 233 226 226
0560_0281_0287_0392_0392.jpg 1 281 287 392 392
0561_0246_0343_0391_0391.jpg 1 246 343 391 391
0562_0103_0191_0468_0468.jpg 1 103 191 468 468
0563_0249_0229_0225_0225.jpg 1 249 229 225 225
0564_0264_0198_0311_0311.jpg 1 264 198 311 311
0565_0148_0083_0308_0308.jpg 1 148 83 308 308
0566_0505_0211_0134_0134.jpg 1 505 211 134 134
0567_0218_0128_0490_0490.jpg 1 218 128 490 490
0568_0115_0683_0035_0035.jpg 1 115 683 35 35
0569_0054_0150_0452_0452.jpg 1 54 150 452 452
0570_0149_0237_0432_0432.jpg 1 149 237 432 432
0571_0373_0370_0275_0275.jpg 1 373 370 275 275
0572_0069_0239_0449_0449.jpg 1 69 239 449 449
0573_0114_0290_0210_0210.jpg 1 114 290 210 210
0574_0206_0194_0547_0547.jpg 1 206 194 547 547
0575_0053_0260_0446_0446.jpg 1 53 260 446 446
0576_0398_0370_0307_0307.jpg 1 398 370 307 307
0577_0518_0331_0054_0054.jpg 1 518 331 54 54
0578_0473_0334_0213_0213.jpg 1 473 334 213 213
0579_0469_0295_0149_0149.jpg 1 469 295 149 149
0580_0355_0061_0381_0381.jpg 1 355 61 381 381
0581_0319_0298_0359_0359.jpg 1 319 298 359 359
0582_0048_0237_0362_0362.jpg 1 48 237 362 362
0583_0099_0051_0493_0493.jpg 1 99 51 493 493
0584_0165_0166_0419_0419.jpg 1 165 166 419 419
0585_0181_0119_0459_0459.jpg 1 181 119 459 459
0586_0170_0208_0250_0250.jpg 1 170 208 250 250
0587_0129_0101_0139_0139.jpg 1 129 101 139 139
0588_0244_0246_0109_0109.jpg 1 244 246 109 109
0589_0263_0135_0158_0158.jpg 1 263 135 158 158
0590_0079_0095_0502_0502.jpg 1 79 95 502 502
0591_0092_0088_0441_0441.jpg 1 92 88 441 441
0592_0185_0319_0417_0417.jpg 1 185 319 417 417
0593_0362_0425_0099_0099.jpg 1 362 425 99 99
0594_0432_0239_0024_0024.jpg 1 432 239 24 24
0595_0092_0160_0274_0274.jpg 1 92 160 274 274
0596_0103_0169_0175_0175.jpg 1 103 169 175 175
0597_0168_0392_0341_0341.jpg 1 168 392 341 341
0598_0281_0188_0169_0169.jpg 1 281 188 169 169
0599_0103_0218_0225_0225.jpg 1 103 218 225 225
0600_0157_0203_0455_0455.jpg 1 157 203 455 455
0601_0349_0442_0148_0148.jpg 1 349 442 148 148
0602_0240_0270_0485_0485.jpg 1 240 270 485 485
0603_0399_0427_0194_0194.jpg 1 399 427 194 194
0604_0564_0398_0146_0146.jpg 1 564 398 146 146
0605_0197_0233_0321_0321.jpg 1 197 233 321 321
0606_0054_0093_0490_0490.jpg 1 54 93 490 490
0607_0081_0352_0367_0367.jpg 1 81 352 367 367
0608_0233_0318_0373_0373.jpg 1 233 318 373 373
0609_0247_0204_0122_0122.jpg 1 247 204 122 122
0610_0336_0150_0100_0100.jpg 1 336 150 100 100
0611_0212_0136_0539_0539.jpg 1 212 136 539 539
0612_0482_0229_0191_0191.jpg 1 482 229 191 191
0613_0171_0128_0373_0373.jpg 1 171 128 373 373
0614_0641_0553_0086_0086.jpg 1 641 553 86 86
0615_0197_0282_0309_0309.jpg 1 197 282 309 309
0616_0089_0180_0394_0394.jpg 1 89 180 394 394
0617_0046_0216_0502_0502.jpg 1 46 216 502 502
0618_0109_0202_0447_0447.jpg 1 109 202 447 447
0619_0098_0044_0453_0453.jpg 1 98 44 453 453
0620_0153_0125_0260_0260.jpg 1 153 125 260 260
0621_0267_0360_0033_0033.jpg 1 267 360 33 33
0622_0214_0335_0396_0396.jpg 1 214 335 396 396
0623_0101_0300_0409_0409.jpg 1 101 300 409 409
0624_0171_0268_0326_0326.jpg 1 171 268 326 326
0625_0377_0125_0247_0247.jpg 1 377 125 247 247
0626_0340_0230_0169_0169.jpg 1 340 230 169 169
0627_0481_0221_0075_0075.jpg 1 481 221 75 75
0628_0379_0340_0082_0082.jpg 1 379 340 82 82
0629_0475_0268_0098_0098.jpg 1 475 268 98 98
0630_0600_0422_0126_0126.jpg 1 600 422 126 126
0631_0125_0245_0345_0345.jpg 1 125 245 345 345
0632_0548_0481_0187_0187.jpg 1 548 481 187 187
0633_0172_0112_0410_0410.jpg 1 172 112 410 410
0634_0226_0043_0403_0403.jpg 1 226 43 403 403
0635_0100_0423_0130_0130.jpg 1 100 423 130 130
0636_0566_0544_0130_0130.jpg 1 566 544 130 130
0637_0067_0122_0490_0490.jpg 1 67 122 490 490
0638_0342_0274_0374_0374.jpg 1 342 274 374 374
0639_0188_0457_0100_0100.jpg 1 188 457 100 100
0640_0167_0112_0477_0477.jpg 1 167 112 477 477
0641_0104_0172_0537_0537.jpg 1 104 172 537 537
0642_0142_0188_0557_0557.jpg 1 142 188 557 557
0643_0209_0180_0514_0514.jpg 1 209 180 514 514
0644_0419_0293_0316_0316.jpg 1 419 293 316 316
0645_0357_0065_0261_0261.jpg 1 357 65 261 261
0646_0162_0147_0119_0119.jpg 1 162 147 119 119
0647_0279_0228_0202_0202.jpg 1 279 228 202 202
0648_0081_0316_0037_0037.jpg 1 81 316 37 37
0649_0214_0158_0483_0483.jpg 1 214 158 483 483
0650_0588_0565_0106_0106.jpg 1 588 565 106 106
0651_0552_0316_0127_0127.jpg 1 552 316 127 127
0652_0118_0101_0382_0382.jpg 1 118 101 382 382
0653_0219_0217_0475_0475.jpg 1 219 217 475 475
0654_0122_0303_0441_0441.jpg 1 122 303 441 441
0655_0444_0272_0086_0086.jpg 1 444 272 86 86
0656_0282_0538_0199_0199.jpg 1 282 538 199 199
0657_0321_0246_0300_0300.jpg 1 321 246 300 300
0658_0211_0378_0069_0069.jpg 1 211 378 69 69
0659_0048_0050_0437_0437.jpg 1 48 50 437 437
0660_0219_0051_0373_0373.jpg 1 219 51 373 373
0661_0297_0260_0461_0461.jpg 1 297 260 461 461
0662_0303_0164_0453_0453.jpg 1 303 164 453 453
0663_0336_0291_0164_0164.jpg 1 336 291 164 164
0664_0348_0334_0034_0034.jpg 1 348 334 34 34
0665_0164_0068_0168_0168.jpg 1 164 68 168 168
0666_0342_0311_0052_0052.jpg 1 342 311 52 52
0667_0195_0104_0536_0536.jpg 1 195 104 536 536
0668_0269_0263_0486_0486.jpg 1 269 263 486 486
0669_0361_0097_0374_0374.jpg 1 361 97 374 374
0670_0161_0050_0494_0494.jpg 1 161 50 494 494
0671_0238_0069_0333_0333.jpg 1 238 69 333 333
0672_0146_0155_0275_0275.jpg 1 146 155 275 275
0673_0099_0266_0191_0191.jpg 1 99 266 191 191
0674_0615_0131_0038_0038.jpg 1 615 131 38 38
0675_0240_0117_0417_0417.jpg 1 240 117 417 417
0676_0249_0050_0300_0300.jpg 1 249 50 300 300
0677_0456_0344_0160_0160.jpg 1 456 344 160 160
0678_0196_0151_0362_0362.jpg 1 196 151 362 362
0679_0125_0360_0306_0306.jpg 1 125 360 306 306
0680_0481_0210_0101_0101.jpg 1 481 210 101 101
0681_0540_0530_0075_0075.jpg 1 540 530 75 75
0682_0329_0314_0292_0292.jpg 1 329 314 292 292
0683_0296_0475_0130_0130.jpg 1 296 475 130 130
0684_0053_0159_0495_0495.jpg 1 53 159 495 495
0685_0226_0072_0528_0528.jpg 1 226 72 528 528
0686_0100_0526_0179_0179.jpg 1 100 526 179 179
0687_0061_0180_0323_0323.jpg 1 61 180 323 323
0688_0242_0216_0517_0517.jpg 1 242 216 517 517
0689_0118_0382_0232_0232.jpg 1 118 382 232 232
0690_0173_0338_0407_0407.jpg 1 173 338 407 407
0691_0200_0055_0556_0556.jpg 1 200 55 556 556
0692_0301_0624_0027_0027.jpg 1 301 624 27 27
0693_0076_0422_0282_0282.jpg 1 76 422 282 282
0694_0170_0225_0417_0417.jpg 1 170 225 417 417
0695_0508_0121_0149_0149.jpg 1 508 121 149 149
0696_0513_0171_0171_0171.jpg 1 513 171 171 171
0697_0085_0399_0226_0226.jpg 1 85 399 226 226
0698_0258_0181_0341_0341.jpg 1 258 181 341 341
0699_0165_0100_0498_0498.jpg 1 165 100 498 498
0700_0093_0166_0440_0440.jpg 1 93 166 440 440
0701_0131_0679_0028_0028.jpg 1 131 679 28 28
0702_0512_0593_0128_0128.jpg 1 512 593 128 128
0703_0287_0135_0457_0457.jpg 1 287 135 457 457
0704_0396_0158_0309_0309.jpg 1 396 158 309 309
0705_0598_0596_0093_0093.jpg 1 598 596 93 93
0706_0140_0251_0449_0449.jpg 1 140 251 449 449
0707_0275_0305_0320_0320.jpg 1 275 305 320 320
0708_0245_0434_0064_0064.jpg 1 245 434 64 64
0709_0189_0264_0504_0504.jpg 1 189 264 504 504
0710_0534_0176_0172_0172.jpg 1 534 176 172 172
0711_0381_0112_0359_0359.jpg 1 381 112 359 359
0712_0204_0191_0048_0048.jpg 1 204 191 48 48
0713_0122_0217_0521_0521.jpg 1 122 217 521 521
0714_0402_0356_0196_0196.jpg 1 402 356 196 196
0715_0080_0259_0442_0442.jpg 1 80 259 442 442
0716_0295_0074_0332_0332.jpg 1 295 74 332 332
0717_0150_0362_0379_0379.jpg 1 150 362 379 379
0718_0346_0109_0229_0229.jpg 1 346 109 229 229
0719_0538_0177_0059_0059.jpg 1 538 177 59 59
0720_0357_0075_0048_0048.jpg 1 357 75 48 48
0721_0143_0220_0025_0025.jpg 1 143 220 25 25
0722_0135_0229_0469_0469.jpg 1 135 229 469 469
0723_0197_0344_0339_0339.jpg 1 197 344 339 339
0724_0240_0310_0122_0122.jpg 1 240 310 122 122
0725_0689_0529_0029_0029.jpg 1 689 529 29 29
0726_0054_0165_0461_0461.jpg 1 54 165 461 461
0727_0056_0119_0393_0393.jpg 1 56 119 393 393
0728_0196_0058_0218_0218.jpg 1 196 58 218 218
0729_0484_0125_0133_0133.jpg 1 484 125 133 133
0730_0109_0074_0497_0497.jpg 1 109 74 497 497
0731_0268_0257_0291_0291.jpg 1 268 257 291 291
0732_0166_0063_0351_0351.jpg 1 166 63 351 351
0733_0273_0574_0082_0082.jpg 1 273 574 82 82
0734_0598_0266_0063_0063.jpg 1 598 266 63 63
0735_0293_0175_0437_0437.jpg 1 293 175 437 437
0736_0118_0127_0422_0422.jpg 1 118 127 422 422
0737_0217_0088_0474_0474.jpg 1 217 88 474 474
0738_0266_0315_0290_0290.jpg 1 266 315 290 290
0739_0243_0351_0336_0336.jpg 1 243 351 336 336
0740_0504_0486_0036_0036.jpg 1 504 486 36 36
0741_0265_0155_0130_0130.jpg 1 265 155 130 130
0742_0173_0174_0488_0488.jpg 1 173 174 488 488
0743_0387_0354_0165_0165.jpg 1 387 354 165 165
0744_0283_0259_0375_0375.jpg 1 283 259 375 375
0745_0230_0071_0403_0403.jpg 1 230 71 403 403
0746_0290_0324_0398_0398.jpg 1 290 324 398 398
0747_0237_0089_0502_0502.jpg 1 237 89 502 502
0748_0324_0068_0374_0374.jpg 1 324 68 374 374
0749_0300_0275_0188_0188.jpg 1 300 275 188 188
0750_0100_0192_0245_0245.jpg 1 100 192 245 245
0751_0284_0140_0172_0172.jpg 1 284 140 172 172
0752_0317_0343_0082_0082.jpg 1 317 343 82 82
0753_0264_0071_0409_0409.jpg 1 264 71 409 409
0754_0507_0160_0037_0037.jpg 1 507 160 37 37
0755_0308_0308_0434_0434.jpg 1 308 308 434 434
0756_0466_0219_0125_0125.jpg 1 466 219 125 125
0757_0234_0617_0095_0095.jpg 1 234 617 95 95
0758_0171_0164_0483_0483.jpg 1 171 164 483 483
0759_0462_0359_0212_0212.jpg 1 462 359 212 212
0760_0137_0033_0506_0506.jpg 1 137 33 506 506
0761_0282_0387_0284_0284.jpg 1 282 387 284 284
0762_0666_0564_0052_0052.jpg 1 666 564 52 52
0763_0095_0105_0318_0318.jpg 1 95 105 318 318
0764_0309_0352_0368_0368.jpg 1 309 352 368 368
0765_0225_0647_0044_0044.jpg 1 225 647 44 44
0766_0078_0310_0243_0243.jpg 1 78 310 243 243
0767_0493_0603_0077_0077.jpg 1 493 603 77 77
0768_0053_0208_0481_0481.jpg 1 53 208 481 481
0769_0349_0299_0048_0048.jpg 1 349 299 48 48
0770_0555_0086_0176_0176.jpg 1 555 86 176 176
0771_0281_0145_0372_0372.jpg 1 281 145 372 372
0772_0504_0400_0180_0180.jpg 1 504 400 180 180
0773_0243_0151_0185_0185.jpg 1 243 151 185 185
0774_0238_0305_0111_0111.jpg 1 238 305 111 111
0775_0355_0308_0183_0183.jpg 1 355 308 183 183
0776_0349_0329_0356_0356.jpg 1 349 329 356 356
0777_0257_0242_0449_0449.jpg 1 257 242 449 449
0778_0219_0113_0386_0386.jpg 1 219 113 386 386
0779_0078_0186_0085_0085.jpg 1 78 186 85 85
0780_0188_0053_0543_0543.jpg 1 188 53 543 543
0781_0275_0333_0313_0313.jpg 1 275 333 313 313
0782_0369_0132_0331_0331.jpg 1 369 132 331 331
0783_0291_0217_0394_0394.jpg 1 291 217 394 394
0784_0203_0266_0148_0148.jpg 1 203 266 148 148
0785_0260_0511_0033_0033.jpg 1 260 511 33 33
0786_0157_0225_0322_0322.jpg 1 157 225 322 322
0787_0258_0644_0055_0055.jpg 1 258 644 55 55
0788_0226_0111_0497_0497.jpg 1 226 111 497 497
0789_0405_0096_0305_0305.jpg 1 405 96 305 305
0790_0218_0272_0327_0327.jpg 1 218 272 327 327
0791_0219_0202_0520_0520.jpg 1 219 202 520 520
0792_0460_0294_0285_0285.jpg 1 460 294 285 285
0793_0059_0164_0508_0508.jpg 1 59 164 508 508
0794_0240_0221_0482_0482.jpg 1 240 221 482 482
0795_0177_0092_0479_0479.jpg 1 177 92 479 479
0796_0308_0452_0158_0158.jpg 1 308 452 158 158
0797_0164_0315_0112_0112.jpg 1 164 315 112 112
0798_0229_0193_0250_0250.jpg 1 229 193 250 250
0799_0085_0331_0374_0374.jpg 1 85 331 374 374
0800_0365_0180_0164_0164.jpg 1 365 180 164 164
0801_0061_0306_0388_0388.jpg 1 61 306 388 388
0802_0663_0597_0054_0054.jpg 1 663 597 54 54
0803_0076_0269_0181_0181.jpg 1 76 269 181 181
0804_0224_0235_0408_0408.jpg 1 224 235 408 408
0805_0136_0421_0231_0231.jpg 1 136 421 231 231
0806_0439_0533_0144_0144.jpg 1 439 533 144 144
0807_0234_0375_0146_0146.jpg 1 234 375 146 146
0808_0108_0191_0534_0534.jpg 1 108 191 534 534
0809_0250_0059_0520_0520.jpg 1 250 59 520 520
0810_0238_0208_0427_0427.jpg 1 238 208 427 427
0811_0211_0250_0113_0113.jpg 1 211 250 113 113
0812_0427_0320_0284_0284.jpg 1 427 320 284 284
0813_0074_0108_0452_0452.jpg 1 74 108 452 452
0814_0244_0368_0086_0086.jpg 1 244 368 86 86
0815_0067_0181_0443_0443.jpg 1 67 181 443 443
0816_0202_0220_0166_0166.jpg 1 202 220 166 166
0817_0073_0090_0430_0430.jpg 1 73 90 430 430
0818_0294_0530_0106_0106.jpg 1 294 530 106 106
0819_0361_0310_0377_0377.jpg 1 361 310 377 377
0820_0186_0163_0502_0502.jpg 1 186 163 502 502
0821_0496_0386_0057_0057.jpg 1 496 386 57 57
0822_0237_0286_0371_0371.jpg 1 237 286 371 371
0823_0317_0346_0333_0333.jpg 1 317 346 333 333
0824_0061_0306_0409_0409.jpg 1 61 306 409 409
0825_0112_0176_0521_0521.jpg 1 112 176 521 521
0826_0132_0192_0531_0531.jpg 1 132 192 531 531
0827_0183_0045_0355_0355.jpg 1 183 45 355 355
0828_0471_0236_0142_0142.jpg 1 471 236 142 142
0829_0084_0190_0233_0233.jpg 1 84 190 233 233
0830_0314_0436_0243_0243.jpg 1 314 436 243 243
0831_0322_0132_0399_0399.jpg 1 322 132 399 399
0832_0180_0280_0442_0442.jpg 1 180 280 442 442
0833_0171_0411_0097_0097.jpg 1 171 411 97 97
0834_0115_0461_0184_0184.jpg 1 115 461 184 184
0835_0296_0069_0270_0270.jpg 1 296 69 270 270
0836_0272_0093_0400_0400.jpg 1 272 93 400 400
0837_0235_0051_0297_0297.jpg 1 235 51 297 297
0838_0087_0256_0447_0447.jpg 1 87 256 447 447
0839_0152_0204_0070_0070.jpg 1 152 204 70 70
0840_0210_0228_0104_0104.jpg 1 210 228 104 104
0841_0072_0208_0518_0518.jpg 1 72 208 518 518
0842_0139_0267_0497_0497.jpg 1 139 267 497 497
0843_0175_0109_0300_0300.jpg 1 175 109 300 300
0844_0142_0170_0437_0437.jpg 1 142 170 437 437
0845_0170_0079_0382_0382.jpg 1 170 79 382 382
0846_0630_0098_0050_0050.jpg 1 630 98 50 50
0847_0231_0347_0358_0358.jpg 1 231 347 358 358
0848_0332_0124_0288_0288.jpg 1 332 124 288 288
0849_0243_0225_0336_0336.jpg 1 243 225 336 336
0850_0446_0370_0127_0127.jpg 1 446 370 127 127
0851_0034_0134_0530_0530.jpg 1 34 134 530 530
0852_0069_0168_0329_0329.jpg 1 69 168 329 329
0853_0072_0237_0453_0453.jpg 1 72 237 453 453
0854_0511_0449_0222_0222.jpg 1 511 449 222 222
0855_0277_0524_0088_0088.jpg 1 277 524 88 88
0856_0198_0113_0526_0526.jpg 1 198 113 526 526
0857_0519_0345_0125_0125.jpg 1 519 345 125 125
0858_0076_0105_0498_0498.jpg 1 76 105 498 498
0859_0642_0089_0050_0050.jpg 1 642 89 50 50
0860_0098_0319_0291_0291.jpg 1 98 319 291 291
0861_0149_0315_0280_0280.jpg 1 149 315 280 280
0862_0268_0321_0306_0306.jpg 1 268 321 306 306
0863_0304_0450_0137_0137.jpg 1 304 450 137 137
0864_0249_0316_0310_0310.jpg 1 249 316 310 310
0865_0270_0056_0465_0465.jpg 1 270 56 465 465
0866_0387_0354_0176_0176.jpg 1 387 354 176 176
0867_0043_0102_0400_0400.jpg 1 43 102 400 400
0868_0249_0145_0479_0479.jpg 1 249 145 479 479
0869_0087_0092_0226_0226.jpg 1 87 92 226 226
0870_0101_0301_0298_0298.jpg 1 101 301 298 298
0871_0058_0376_0227_0227.jpg 1 58 376 227 227
0872_0161_0177_0559_0559.jpg 1 161 177 559 559
0873_0463_0287_0220_0220.jpg 1 463 287 220 220
0874_0084_0343_0347_0347.jpg 1 84 343 347 347
0875_0127_0229_0518_0518.jpg 1 127 229 518 518
0876_0338_0106_0220_0220.jpg 1 338 106 220 220
0877_0173_0061_0376_0376.jpg 1 173 61 376 376
0878_0270_0569_0056_0056.jpg 1 270 569 56 56
0879_0110_0286_0154_0154.jpg 1 110 286 154 154
0880_0118_0331_0183_0183.jpg 1 118 331 183 183
0881_0374_0439_0262_0262.jpg 1 374 439 262 262
0882_0223_0231_0293_0293.jpg 1 223 231 293 293
0883_0427_0522_0138_0138.jpg 1 427 522 138 138
0884_0304_0137_0084_0084.jpg 1 304 137 84 84
0885_0313_0246_0356_0356.jpg 1 313 246 356 356
0886_0147_0396_0352_0352.jpg 1 147 396 352 352
0887_0614_0293_0108_0108.jpg 1 614 293 108 108
0888_0355_0083_0060_0060.jpg 1 355 83 60 60
0889_0088_0092_0335_0335.jpg 1 88 92 335 335
0890_0185_0553_0052_0052.jpg 1 185 553 52 52
0891_0243_0217_0206_0206.jpg 1 243 217 206 206
0892_0528_0107_0150_0150.jpg 1 528 107 150 150
0893_0098_0073_0554_0554.jpg 1 98 73 554 554
0894_0137_0065_0464_0464.jpg 1 137 65 464 464
0895_0553_0282_0173_0173.jpg 1 553 282 173 173
0896_0209_0138_0112_0112.jpg 1 209 138 112 112
0897_0231_0378_0050_0050.jpg 1 231 378 50 50
0898_0256_0301_0206_0206.jpg 1 256 301 206 206
0899_0105_0094_0522_0522.jpg 1 105 94 522 522
0900_0402_0364_0247_0247.jpg 1 402 364 247 247
0901_0169_0081_0369_0369.jpg 1 169 81 369 369
0902_0245_0214_0439_0439.jpg 1 245 214 439 439
0903_0352_0564_0155_0155.jpg 1 352 564 155 155
0904_0077_0086_0466_0466.jpg 1 77 86 466 466
0905_0354_0311_0352_0352.jpg 1 354 311 352 352
0906_0178_0044_0398_0398.jpg 1 178 44 398 398
0907_0299_0247_0025_0025.jpg 1 299 247 25 25
0908_0576_0230_0070_0070.jpg 1 576 230 70 70
0909_0274_0186_0289_0289.jpg 1 274 186 289 289
0910_0226_0110_0184_0184.jpg 1 226 110 184 184
0911_0592_0236_0083_0083.jpg 1 592 236 83 83
0912_0412_0180_0238_0238.jpg 1 412 180 238 238
0913_0556_0324_0061_0061.jpg 1 556 324 61 61
0914_0391_0402_0118_0118.jpg 1 391 402 118 118
0915_0476_0421_0141_0141.jpg 1 476 421 141 141
0916_0049_0356_0353_0353.jpg 1 49 356 353 353
0917_0098_0101_0262_0262.jpg 1 98 101 262 262
0918_0055_0220_0441_0441.jpg 1 55 220 441 441
0919_0126_0081_0277_0277.jpg 1 126 81 277 277
0920_0167_0338_0251_0251.jpg 1 167 338 251 251
0921_0044_0206_0545_0545.jpg 1 44 206 545 545
0922_0462_0113_0221_0221.jpg 1 462 113 221 221
0923_0198_0394_0289_0289.jpg 1 198 394 289 289
0924_0332_0093_0396_0396.jpg 1 332 93 396 396
0925_0173_0260_0159_0159.jpg 1 173 260 159 159
0926_0359_0113_0385_0385.jpg 1 359 113 385 385
0927_0226_0132_0478_0478.jpg 1 226 132 478 478
0928_0465_0323_0071_0071.jpg 1 465 323 71 71
0929_0085_0492_0197_0197.jpg 1 85 492 197 197
0930_0162_0101_0294_0294.jpg 1 162 101 294 294
0931_0176_0496_0235_0235.jpg 1 176 496 235 235
0932_0170_0187_0556_0556.jpg 1 170 187 556 556
0933_0177_0367_0276_0276.jpg 1 177 367 276 276
0934_0104_0224_0442_0442.jpg 1 104 224 442 442
0935_0182_0324_0382_0382.jpg 1 182 324 382 382
0936_0147_0234_0513_0513.jpg 1 147 234 513 513
0937_0213_0311_0279_0279.jpg 1 213 311 279 279
0938_0437_0694_0026_0026.jpg 1 437 694 26 26
0939_0304_0068_0188_0188.jpg 1 304 68 188 188
0940_0148_0580_0065_0065.jpg 1 148 580 65 65
0941_0356_0090_0149_0149.jpg 1 356 90 149 149
0942_0231_0081_0445_0445.jpg 1 231 81 445 445
0943_0363_0542_0122_0122.jpg 1 363 542 122 122
0944_0579_0523_0026_0026.jpg 1 579 523 26 26
0945_0177_0096_0418_0418.jpg 1 177 96 418 418
0946_0252_0194_0177_0177.jpg 1 252 194 177 177
0947_0150_0161_0403_0403.jpg 1 150 161 403 403
0948_0264_0376_0331_0331.jpg 1 264 376 331 331
0949_0102_0369_0280_0280.jpg 1 102 369 280 280
0950_0084_0454_0213_0213.jpg 1 84 454 213 213
0951_0259_0186_0251_0251.jpg 1 259 186 251 251
0952_0127_0081_0425_0425.jpg 1 127 81 425 425
0953_0148_0490_0220_0220.jpg 1 148 490 220 220
0954_0238_0193_0534_0534.jpg 1 238 193 534 534
0955_0274_0248_0165_0165.jpg 1 274 248 165 165
0956_0164_0283_0377_0377.jpg 1 164 283 377 377
0957_0308_0409_0241_0241.jpg 1 308 409 241 241
0958_0175_0198_0408_0408.jpg 1 175 198 408 408
0959_0126_0250_0423_0423.jpg 1 126 250 423 423
0960_0411_0396_0044_0044.jpg 1 411 396 44 44
0961_0080_0178_0526_0526.jpg 1 80 178 526 526
0962_0237_0223_0462_0462.jpg 1 237 223 462 462
0963_0340_0171_0150_0150.jpg 1 340 171 150 150
0964_0546_0240_0075_0075.jpg 1 546 240 75 75
0965_0394_0421_0096_0096.jpg 1 394 421 96 96
0966_0104_0264_0416_0416.jpg 1 104 264 416 416
0967_0145_0214_0492_0492.jpg 1 145 214 492 492
0968_0356_0277_0362_0362.jpg 1 356 277 362 362
0969_0258_0068_0329_0329.jpg 1 258 68 329 329
0970_0345_0210_0048_0048.jpg 1 345 210 48 48
0971_0100_0159_0383_0383.jpg 1 100 159 383 383
0972_0103_0181_0530_0530.jpg 1 103 181 530 530
0973_0242_0191_0453_0453.jpg 1 242 191 453 453
0974_0072_0341_0085_0085.jpg 1 72 341 85 85
0975_0141_0369_0300_0300.jpg 1 141 369 300 300
0976_0150_0389_0364_0364.jpg 1 150 389 364 364
0977_0242_0056_0514_0514.jpg 1 242 56 514 514
0978_0205_0073_0434_0434.jpg 1 205 73 434 434
0979_0251_0288_0143_0143.jpg 1 251 288 143 143
0980_0237_0549_0174_0174.jpg 1 237 549 174 174
0981_0184_0247_0522_0522.jpg 1 184 247 522 522
0982_0427_0280_0254_0254.jpg 1 427 280 254 254
0983_0140_0361_0326_0326.jpg 1 140 361 326 326
0984_0283_0209_0415_0415.jpg 1 283 209 415 415
0985_0114_0090_0178_0178.jpg 1 114 90 178 178
0986_0314_0468_0242_0242.jpg 1 314 468 242 242
0987_0241_0275_0339_0339.jpg 1 241 275 339 339
0988_0682_0561_0035_0035.jpg 1 682 561 35 35
0989_0301_0259_0395_0395.jpg 1 301 259 395 395
0990_0090_0264_0304_0304.jpg 1 90 264 304 304
0991_0156_0178_0492_0492.jpg 1 156 178 492 492
0992_0196_0081_0544_0544.jpg 1 196 81 544 544
0993_0179_0157_0506_0506.jpg 1 179 157 506 506
0994_0344_0375_0279_0279.jpg 1 344 375 279 279
0995_0386_0297_0316_0316.jpg 1 386 297 316 316
0996_0065_0052_0548_0548.jpg 1 65 52 548 548
0997_0261_0270_0447_0447.jpg 1 261 270 447 447
0998_0655_0265_0058_0058.jpg 1 655 265 58 58
0999_0199_0321_0438_0438.jpg 1 199 321 438 438
1000_0432_0375_0192_0192.jpg 1 432 375 192 192
1001_0206_0107_0540_0540.jpg 1 206 107 540 540
1002_0240_0067_0467_0467.jpg 1 240 67 467 467
1003_0249_0309_0167_0167.jpg 1 249 309 167 167
1004_0407_0100_0242_0242.jpg 1 407 100 242 242
1005_0382_0099_0105_0105.jpg 1 382 99 105 105
1006_0135_0108_0060_0060.jpg 1 135 108 60 60
1007_0090_0353_0285_0285.jpg 1 90 353 285 285
1008_0248_0455_0038_0038.jpg 1 248 455 38 38
1009_0197_0098_0452_0452.jpg 1 197 98 452 452
1010_0304_0342_0308_0308.jpg 1 304 342 308 308
1011_0349_0425_0314_0314.jpg 1 349 425 314 314
1012_0117_0279_0393_0393.jpg 1 117 279 393 393
1013_0052_0153_0462_0462.jpg 1 52 153 462 462
1014_0291_0319_0442_0442.jpg 1 291 319 442 442
1015_0087_0171_0421_0421.jpg 1 87 171 421 421
1016_0174_0108_0384_0384.jpg 1 174 108 384 384
1017_0048_0167_0529_0529.jpg 1 48 167 529 529
1018_0266_0160_0436_0436.jpg 1 266 160 436 436
1019_0236_0223_0474_0474.jpg 1 236 223 474 474
1020_0148_0353_0216_0216.jpg 1 148 353 216 216
1021_0223_0398_0314_0314.jpg 1 223 398 314 314
1022_0538_0606_0103_0103.jpg 1 538 606 103 103
1023_0428_0068_0212_0212.jpg 1 428 68 212 212
1024_0277_0252_0458_0458.jpg 1 277 252 458 458
1025_0116_0265_0419_0419.jpg 1 116 265 419 419
1026_0066_0182_0553_0553.jpg 1 66 182 553 553
1027_0320_0232_0306_0306.jpg 1 320 232 306 306
1028_0214_0155_0255_0255.jpg 1 214 155 255 255
1029_0278_0196_0133_0133.jpg 1 278 196 133 133
1030_0108_0056_0372_0372.jpg 1 108 56 372 372
1031_0388_0355_0137_0137.jpg 1 388 355 137 137
1032_0072_0040_0514_0514.jpg 1 72 40 514 514
1033_0330_0626_0054_0054.jpg 1 330 626 54 54
1034_0195_0169_0525_0525.jpg 1 195 169 525 525
1035_0208_0332_0331_0331.jpg 1 208 332 331 331
1036_0258_0462_0259_0259.jpg 1 258 462 259 259
1037_0396_0093_0343_0343.jpg 1 396 93 343 343
1038_0326_0334_0222_0222.jpg 1 326 334 222 222
1039_0291_0273_0440_0440.jpg 1 291 273 440 440
1040_0057_0044_0412_0412.jpg 1 57 44 412 412
1041_0073_0163_0349_0349.jpg 1 73 163 349 349
1042_0360_0309_0344_0344.jpg 1 360 309 344 344
1043_0335_0388_0187_0187.jpg 1 335 388 187 187
1044_0186_0318_0372_0372.jpg 1 186 318 372 372
1045_0342_0338_0148_0148.jpg 1 342 338 148 148
1046_0243_0052_0330_0330.jpg 1 243 52 330 330
1047_0210_0228_0472_0472.jpg 1 210 228 472 472
1048_0087_0412_0122_0122.jpg 1 87 412 122 122
1049_0484_0359_0244_0244.jpg 1 484 359 244 244
1050_0436_0144_0233_0233.jpg 1 436 144 233 233
1051_0452_0212_0227_0227.jpg 1 452 212 227 227
1052_0074_0285_0378_0378.jpg 1 74 285 378 378
1053_0261_0265_0266_0266.jpg 1 261 265 266 266
1054_0320_0238_0334_0334.jpg 1 320 238 334 334
1055_0438_0121_0289_0289.jpg 1 438 121 289 289
1056_0270_0329_0078_0078.jpg 1 270 329 78 78
1057_0214_0274_0311_0311.jpg 1 214 274 311 311
1058_0192_0430_0269_0269.jpg 1 192 430 269 269
1059_0085_0126_0549_0549.jpg 1 85 126 549 549
1060_0452_0430_0244_0244.jpg 1 452 430 244 244
1061_0211_0186_0346_0346.jpg 1 211 186 346 346
1062_0095_0089_0507_0507.jpg 1 95 89 507 507
1063_0103_0434_0237_0237.jpg 1 103 434 237 237
1064_0452_0147_0262_0262.jpg 1 452 147 262 262
1065_0161_0343_0103_0103.jpg 1 161 343 103 103
1066_0113_0190_0197_0197.jpg 1 113 190 197 197
1067_0253_0440_0136_0136.jpg 1 253 440 136 136
1068_0227_0368_0275_0275.jpg 1 227 368 275 275
1069_0135_0170_0191_0191.jpg 1 135 170 191 191
1070_0233_0380_0254_0254.jpg 1 233 380 254 254
1071_0345_0531_0207_0207.jpg 1 345 531 207 207
1072_0304_0594_0098_0098.jpg 1 304 594 98 98
1073_0084_0219_0089_0089.jpg 1 84 219 89 89
1074_0187_0197_0311_0311.jpg 1 187 197 311 311
1075_0449_0215_0034_0034.jpg 1 449 215 34 34
1076_0210_0253_0202_0202.jpg 1 210 253 202 202
1077_0166_0234_0396_0396.jpg 1 166 234 396 396
1078_0104_0112_0496_0496.jpg 1 104 112 496 496
1079_0532_0567_0034_0034.jpg 1 532 567 34 34
1080_0289_0166_0476_0476.jpg 1 289 166 476 476
1081_0318_0496_0150_0150.jpg 1 318 496 150 150
1082_0286_0408_0065_0065.jpg 1 286 408 65 65
1083_0160_0241_0400_0400.jpg 1 160 241 400 400
1084_0268_0175_0378_0378.jpg 1 268 175 378 378
1085_0259_0167_0279_0279.jpg 1 259 167 279 279
1086_0310_0315_0111_0111.jpg 1 310 315 111 111
1087_0101_0441_0215_0215.jpg 1 101 441 215 215
1088_0058_0245_0319_0319.jpg 1 58 245 319 319
1089_0102_0368_0086_0086.jpg 1 102 368 86 86
1090_0289_0077_0264_0264.jpg 1 289 77 264 264
1091_0220_0169_0377_0377.jpg 1 220 169 377 377
1092_0075_0188_0554_0554.jpg 1 75 188 554 554
1093_0202_0308_0360_0360.jpg 1 202 308 360 360
1094_0510_0317_0197_0197.jpg 1 510 317 197 197
1095_0101_0336_0368_0368.jpg 1 101 336 368 368
1096_0268_0341_0340_0340.jpg 1 268 341 340 340
1097_0334_0210_0251_0251.jpg 1 334 210 251 251
1098_0268_0330_0238_0238.jpg 1 268 330 238 238
1099_0156_0346_0312_0312.jpg 1 156 346 312 312
1100_0076_0312_0346_0346.jpg 1 76 312 346 346
1101_0253_0132_0416_0416.jpg 1 253 132 416 416
1102_0386_0327_0339_0339.jpg 1 386 327 339 339
1103_0125_0174_0422_0422.jpg 1 125 174 422 422
1104_0412_0442_0079_0079.jpg 1 412 442 79 79
1105_0457_0246_0282_0282.jpg 1 457 246 282 282
1106_0237_0329_0148_0148.jpg 1 237 329 148 148
1107_0470_0184_0145_0145.jpg 1 470 184 145 145
1108_0486_0390_0145_0145.jpg 1 486 390 145 145
1109_0114_0069_0228_0228.jpg 1 114 69 228 228
1110_0242_0261_0233_0233.jpg 1 242 261 233 233
1111_0245_0085_0095_0095.jpg 1 245 85 95 95
1112_0288_0236_0256_0256.jpg 1 288 236 256 256
1113_0165_0162_0537_0537.jpg 1 165 162 537 537
1114_0462_0399_0215_0215.jpg 1 462 399 215 215
1115_0153_0072_0536_0536.jpg 1 153 72 536 536
1116_0554_0168_0090_0090.jpg 1 554 168 90 90
1117_0296_0126_0156_0156.jpg 1 296 126 156 156
1118_0039_0116_0542_0542.jpg 1 39 116 542 542
1119_0386_0391_0270_0270.jpg 1 386 391 270 270
1120_0387_0234_0317_0317.jpg 1 387 234 317 317
1121_0307_0260_0431_0431.jpg 1 307 260 431 431
1122_0178_0216_0275_0275.jpg 1 178 216 275 275
1123_0264_0137_0436_0436.jpg 1 264 137 436 436
1124_0290_0395_0240_0240.jpg 1 290 395 240 240
1125_0105_0152_0553_0553.jpg 1 105 152 553 553
1126_0358_0360_0296_0296.jpg 1 358 360 296 296
1127_0212_0270_0372_0372.jpg 1 212 270 372 372
1128_0275_0290_0446_0446.jpg 1 275 290 446 446
1129_0081_0305_0445_0445.jpg 1 81 305 445 445
1130_0119_0387_0128_0128.jpg 1 119 387 128 128
1131_0451_0366_0207_0207.jpg 1 451 366 207 207
1132_0114_0184_0556_0556.jpg 1 114 184 556 556
1133_0200_0048_0414_0414.jpg 1 200 48 414 414
1134_0482_0360_0032_0032.jpg 1 482 360 32 32
1135_0509_0369_0039_0039.jpg 1 509 369 39 39
1136_0279_0377_0128_0128.jpg 1 279 377 128 128
1137_0164_0464_0141_0141.jpg 1 164 464 141 141
1138_0263_0274_0455_0455.jpg 1 263 274 455 455
1139_0319_0121_0415_0415.jpg 1 319 121 415 415
1140_0315_0402_0350_0350.jpg 1 315 402 350 350
1141_0455_0375_0108_0108.jpg 1 455 375 108 108
1142_0386_0115_0334_0334.jpg 1 386 115 334 334
1143_0295_0371_0064_0064.jpg 1 295 371 64 64
1144_0163_0119_0491_0491.jpg 1 163 119 491 491
1145_0163_0165_0559_0559.jpg 1 163 165 559 559
1146_0157_0369_0306_0306.jpg 1 157 369 306 306
1147_0429_0530_0140_0140.jpg 1 429 530 140 140
1148_0390_0420_0176_0176.jpg 1 390 420 176 176
1149_0213_0319_0384_0384.jpg 1 213 319 384 384
1150_0239_0511_0084_0084.jpg 1 239 511 84 84
1151_0240_0541_0079_0079.jpg 1 240 541 79 79
1152_0325_0364_0317_0317.jpg 1 325 364 317 317
1153_0297_0116_0272_0272.jpg 1 297 116 272 272
1154_0463_0453_0049_0049.jpg 1 463 453 49 49
1155_0639_0492_0079_0079.jpg 1 639 492 79 79
1156_0357_0260_0189_0189.jpg 1 357 260 189 189
1157_0320_0154_0249_0249.jpg 1 320 154 249 249
1158_0608_0203_0089_0089.jpg 1 608 203 89 89
1159_0033_0042_0541_0541.jpg 1 33 42 541 541
1160_0082_0030_0556_0556.jpg 1 82 30 556 556
1161_0234_0205_0282_0282.jpg 1 234 205 282 282
1162_0443_0088_0079_0079.jpg 1 443 88 79 79
1163_0292_0333_0149_0149.jpg 1 292 333 149 149
1164_0414_0389_0333_0333.jpg 1 414 389 333 333
1165_0041_0041_0520_0520.jpg 1 41 41 520 520
1166_0070_0259_0498_0498.jpg 1 70 259 498 498
1167_0339_0202_0090_0090.jpg 1 339 202 90 90
1168_0058_0114_0536_0536.jpg 1 58 114 536 536
1169_0256_0129_0169_0169.jpg 1 256 129 169 169
1170_0153_0093_0315_0315.jpg 1 153 93 315 315
1171_0161_0071_0386_0386.jpg 1 161 71 386 386
1172_0166_0323_0430_0430.jpg 1 166 323 430 430
1173_0611_0252_0081_0081.jpg 1 611 252 81 81
1174_0326_0094_0319_0319.jpg 1 326 94 319 319
1175_0143_0105_0375_0375.jpg 1 143 105 375 375
1176_0109_0175_0498_0498.jpg 1 109 175 498 498
1177_0354_0552_0031_0031.jpg 1 354 552 31 31
1178_0366_0190_0094_0094.jpg 1 366 190 94 94
1179_0230_0525_0196_0196.jpg 1 230 525 196 196
1180_0222_0062_0444_0444.jpg 1 222 62 444 444
1181_0375_0073_0240_0240.jpg 1 375 73 240 240
1182_0107_0199_0539_0539.jpg 1 107 199 539 539
1183_0039_0227_0414_0414.jpg 1 39 227 414 414
1184_0638_0406_0040_0040.jpg 1 638 406 40 40
1185_0169_0494_0039_0039.jpg 1 169 494 39 39
1186_0261_0047_0390_0390.jpg 1 261 47 390 390
1187_0090_0201_0481_0481.jpg 1 90 201 481 481
1188_0254_0235_0453_0453.jpg 1 254 235 453 453
1189_0250_0142_0449_0449.jpg 1 250 142 449 449
1190_0127_0275_0153_0153.jpg 1 127 275 153 153
1191_0538_0184_0105_0105.jpg 1 538 184 105 105
1192_0350_0127_0338_0338.jpg 1 350 127 338 338
1193_0242_0111_0305_0305.jpg 1 242 111 305 305
1194_0210_0151_0451_0451.jpg 1 210 151 451 451
1195_0093_0041_0537_0537.jpg 1 93 41 537 537
1196_0220_0138_0523_0523.jpg 1 220 138 523 523
1197_0161_0116_0032_0032.jpg 1 161 116 32 32
1198_0168_0343_0219_0219.jpg 1 168 343 219 219
1199_0257_0052_0358_0358.jpg 1 257 52 358 358
1200_0474_0070_0217_0217.jpg 1 474 70 217 217
1201_0138_0466_0198_0198.jpg 1 138 466 198 198
1202_0520_0200_0184_0184.jpg 1 520 200 184 184
1203_0168_0191_0502_0502.jpg 1 168 191 502 502
1204_0610_0198_0048_0048.jpg 1 610 198 48 48
1205_0428_0549_0126_0126.jpg 1 428 549 126 126
1206_0063_0054_0308_0308.jpg 1 63 54 308 308
1207_0143_0285_0161_0161.jpg 1 143 285 161 161
1208_0230_0032_0482_0482.jpg 1 230 32 482 482
1209_0404_0084_0158_0158.jpg 1 404 84 158 158
1210_0072_0552_0183_0183.jpg 1 72 552 183 183
1211_0171_0029_0558_0558.jpg 1 171 29 558 558
1212_0137_0104_0413_0413.jpg 1 137 104 413 413
1213_0324_0369_0145_0145.jpg 1 324 369 145 145
1214_0083_0398_0166_0166.jpg 1 83 398 166 166
1215_0479_0560_0107_0107.jpg 1 479 560 107 107
1216_0399_0198_0236_0236.jpg 1 399 198 236 236
1217_0418_0119_0126_0126.jpg 1 418 119 126 126
1218_0396_0114_0301_0301.jpg 1 396 114 301 301
1219_0135_0238_0041_0041.jpg 1 135 238 41 41
1220_0157_0538_0028_0028.jpg 1 157 538 28 28
1221_0494_0527_0098_0098.jpg 1 494 527 98 98
1222_0072_0030_0540_0540.jpg 1 72 30 540 540
1223_0129_0222_0532_0532.jpg 1 129 222 532 532
1224_0273_0580_0143_0143.jpg 1 273 580 143 143
1225_0247_0278_0106_0106.jpg 1 247 278 106 106
1226_0168_0192_0175_0175.jpg 1 168 192 175 175
1227_0230_0224_0383_0383.jpg 1 230 224 383 383
1228_0664_0376_0035_0035.jpg 1 664 376 35 35
1229_0229_0192_0421_0421.jpg 1 229 192 421 421
1230_0173_0310_0332_0332.jpg 1 173 310 332 332
1231_0194_0379_0211_0211.jpg 1 194 379 211 211
1232_0148_0404_0101_0101.jpg 1 148 404 101 101
1233_0086_0225_0150_0150.jpg 1 86 225 150 150
1234_0194_0376_0368_0368.jpg 1 194 376 368 368
1235_0361_0367_0377_0377.jpg 1 361 367 377 377
1236_0158_0410_0166_0166.jpg 1 158 410 166 166
1237_0467_0265_0193_0193.jpg 1 467 265 193 193
1238_0098_0241_0404_0404.jpg 1 98 241 404 404
1239_0260_0301_0093_0093.jpg 1 260 301 93 93
1240_0358_0550_0154_0154.jpg 1 358 550 154 154
1241_0419_0264_0234_0234.jpg 1 419 264 234 234
1242_0479_0285_0203_0203.jpg 1 479 285 203 203
1243_0421_0088_0075_0075.jpg 1 421 88 75 75
1244_0150_0187_0353_0353.jpg 1 150 187 353 353
1245_0206_0167_0488_0488.jpg 1 206 167 488 488
1246_0062_0074_0496_0496.jpg 1 62 74 496 496
1247_0296_0263_0374_0374.jpg 1 296 263 374 374
1248_0445_0306_0287_0287.jpg 1 445 306 287 287
1249_0250_0094_0498_0498.jpg 1 250 94 498 498
1250_0179_0204_0488_0488.jpg 1 179 204 488 488
1251_0062_0214_0228_0228.jpg 1 62 214 228 228
1252_0468_0322_0243_0243.jpg 1 468 322 243 243
1253_0328_0120_0424_0424.jpg 1 328 120 424 424
1254_0249_0294_0453_0453.jpg 1 249 294 453 453
1255_0053_0325_0300_0300.jpg 1 53 325 300 300
1256_0446_0263_0186_0186.jpg 1 446 263 186 186
1257_0045_0050_0553_0553.jpg 1 45 50 553 553
1258_0182_0429_0281_0281.jpg 1 182 429 281 281
1259_0219_0335_0273_0273.jpg 1 219 335 273 273
1260_0304_0458_0046_0046.jpg 1 304 458 46 46
1261_0046_0259_0447_0447.jpg 1 46 259 447 447
1262_0213_0414_0054_0054.jpg 1 213 414 54 54
1263_0061_0211_0444_0444.jpg 1 61 211 444 444
1264_0087_0289_0445_0445.jpg 1 87 289 445 445
1265_0296_0060_0379_0379.jpg 1 296 60 379 379
1266_0180_0167_0265_0265.jpg 1 180 167 265 265
1267_0061_0107_0453_0453.jpg 1 61 107 453 453
1268_0344_0199_0167_0167.jpg 1 344 199 167 167
1269_0138_0376_0293_0293.jpg 1 138 376 293 293
1270_0364_0602_0031_0031.jpg 1 364 602 31 31
1271_0394_0133_0235_0235.jpg 1 394 133 235 235
1272_0303_0208_0178_0178.jpg 1 303 208 178 178
1273_0392_0398_0160_0160.jpg 1 392 398 160 160
1274_0236_0252_0453_0453.jpg 1 236 252 453 453
1275_0102_0164_0193_0193.jpg 1 102 164 193 193
1276_0463_0545_0029_0029.jpg 1 463 545 29 29
1277_0143_0270_0369_0369.jpg 1 143 270 369 369
1278_0205_0496_0079_0079.jpg 1 205 496 79 79
1279_0369_0370_0098_0098.jpg 1 369 370 98 98
1280_0233_0137_0488_0488.jpg 1 233 137 488 488
1281_0369_0209_0329_0329.jpg 1 369 209 329 329
1282_0548_0467_0114_0114.jpg 1 548 467 114 114
1283_0328_0283_0427_0427.jpg 1 328 283 427 427
1284_0381_0181_0329_0329.jpg 1 381 181 329 329
1285_0146_0541_0194_0194.jpg 1 146 541 194 194
1286_0097_0288_0195_0195.jpg 1 97 288 195 195
1287_0083_0268_0305_0305.jpg 1 83 268 305 305
1288_0161_0175_0525_0525.jpg 1 161 175 525 525
1289_0165_0235_0504_0504.jpg 1 165 235 504 504
1290_0321_0508_0099_0099.jpg 1 321 508 99 99
1291_0059_0378_0299_0299.jpg 1 59 378 299 299
1292_0106_0222_0470_0470.jpg 1 106 222 470 470
1293_0372_0131_0307_0307.jpg 1 372 131 307 307
1294_0308_0531_0184_0184.jpg 1 308 531 184 184
1295_0489_0263_0057_0057.jpg 1 489 263 57 57
1296_0554_0345_0151_0151.jpg 1 554 345 151 151
1297_0317_0345_0079_0079.jpg 1 317 345 79 79
1298_0426_0576_0062_0062.jpg 1 426 576 62 62
1299_0332_0398_0350_0350.jpg 1 332 398 350 350
1300_0180_0142_0287_0287.jpg 1 180 142 287 287
1301_0441_0258_0194_0194.jpg 1 441 258 194 194
1302_0219_0243_0495_0495.jpg 1 219 243 495 495
1303_0629_0543_0046_0046.jpg 1 629 543 46 46
1304_0141_0171_0279_0279.jpg 1 141 171 279 279
1305_0142_0668_0034_0034.jpg 1 142 668 34 34
1306_0455_0191_0245_0245.jpg 1 455 191 245 245
1307_0302_0277_0417_0417.jpg 1 302 277 417 417
1308_0347_0296_0182_0182.jpg 1 347 296 182 182
1309_0281_0223_0226_0226.jpg 1 281 223 226 226
1310_0159_0271_0495_0495.jpg 1 159 271 495 495
1311_0146_0249_0432_0432.jpg 1 146 249 432 432
1312_0253_0543_0184_0184.jpg 1 253 543 184 184
1313_0340_0176_0045_0045.jpg 1 340 176 45 45
1314_0155_0240_0430_0430.jpg 1 155 240 430 430
1315_0474_0448_0187_0187.jpg 1 474 448 187 187
1316_0508_0439_0173_0173.jpg 1 508 439 173 173
1317_0343_0056_0336_0336.jpg 1 343 56 336 336
1318_0319_0112_0300_0300.jpg 1 319 112 300 300
1319_0217_0248_0442_0442.jpg 1 217 248 442 442
1320_0105_0285_0242_0242.jpg 1 105 285 242 242
1321_0470_0503_0238_0238.jpg 1 470 503 238 238
1322_0121_0394_0063_0063.jpg 1 121 394 63 63
1323_0107_0290_0291_0291.jpg 1 107 290 291 291
1324_0266_0089_0362_0362.jpg 1 266 89 362 362
1325_0360_0198_0147_0147.jpg 1 360 198 147 147
1326_0181_0147_0196_0196.jpg 1 181 147 196 196
1327_0445_0630_0062_0062.jpg 1 445 630 62 62
1328_0167_0210_0121_0121.jpg 1 167 210 121 121
1329_0099_0311_0435_0435.jpg 1 99 311 435 435
1330_0491_0071_0134_0134.jpg 1 491 71 134 134
1331_0310_0378_0279_0279.jpg 1 310 378 279 279
1332_0288_0129_0396_0396.jpg 1 288 129 396 396
1333_0428_0363_0086_0086.jpg 1 428 363 86 86
1334_0149_0216_0292_0292.jpg 1 149 216 292 292
1335_0091_0230_0275_0275.jpg 1 91 230 275 275
1336_0159_0289_0425_0425.jpg 1 159 289 425 425
1337_0446_0443_0268_0268.jpg 1 446 443 268 268
1338_0286_0317_0211_0211.jpg 1 286 317 211 211
1339_0029_0211_0535_0535.jpg 1 29 211 535 535
1340_0070_0111_0462_0462.jpg 1 70 111 462 462
1341_0105_0405_0184_0184.jpg 1 105 405 184 184
1342_0141_0098_0480_0480.jpg 1 141 98 480 480
1343_0311_0074_0409_0409.jpg 1 311 74 409 409
1344_0218_0251_0463_0463.jpg 1 218 251 463 463
1345_0123_0340_0040_0040.jpg 1 123 340 40 40
1346_0293_0056_0309_0309.jpg 1 293 56 309 309
1347_0216_0174_0409_0409.jpg 1 216 174 409 409
1348_0487_0341_0166_0166.jpg 1 487 341 166 166
1349_0080_0500_0164_0164.jpg 1 80 500 164 164
1350_0098_0060_0551_0551.jpg 1 98 60 551 551
1351_0354_0156_0202_0202.jpg 1 354 156 202 202
1352_0434_0360_0216_0216.jpg 1 434 360 216 216
1353_0064_0308_0300_0300.jpg 1 64 308 300 300
1354_0155_0154_0188_0188.jpg 1 155 154 188 188
1355_0542_0139_0181_0181.jpg 1 542 139 181 181
1356_0340_0234_0075_0075.jpg 1 340 234 75 75
1357_0321_0166_0352_0352.jpg 1 321 166 352 352
1358_0671_0588_0041_0041.jpg 1 671 588 41 41
1359_0126_0459_0103_0103.jpg 1 126 459 103 103
